{
  "stats": {
    "suites": 1,
    "tests": 1,
    "passes": 0,
    "pending": 0,
    "failures": 1,
    "start": "2023-01-31T08:48:53.808Z",
    "end": "2023-01-31T08:49:25.392Z",
    "duration": 31584,
    "testsRegistered": 1,
    "passPercent": 0,
    "pendingPercent": 0,
    "other": 0,
    "hasOther": false,
    "skipped": 0,
    "hasSkipped": false
  },
  "results": [
    {
      "uuid": "f4f77bf1-3829-4226-8e66-01aa4227af9b",
      "title": "",
      "fullFile": "cypress\\e2e\\feature\\kplus\\product_selection\\ProductSelectionAdditionalPackage.feature",
      "file": "cypress\\e2e\\feature\\kplus\\product_selection\\ProductSelectionAdditionalPackage.feature",
      "beforeHooks": [],
      "afterHooks": [],
      "tests": [],
      "suites": [
        {
          "uuid": "87cce745-bcbd-4268-9b86-794d8d6c2f49",
          "title": "Product Selection",
          "fullFile": "",
          "file": "",
          "beforeHooks": [],
          "afterHooks": [],
          "tests": [
            {
              "title": "Product selection additional package",
              "fullTitle": "Product Selection Product selection additional package",
              "timedOut": null,
              "duration": 28014,
              "state": "failed",
              "speed": null,
              "pass": false,
              "fail": true,
              "pending": false,
              "context": null,
              "code": "const state = window.testState;\nreturn cy\n  .then(() => state.onStartScenario(scenario, indexedSteps))\n  .then(() =>\n    resolveAndRunBeforeHooks.call(this, scenario.tags, state.feature.name)\n  )\n  .then(() =>\n    indexedSteps.forEach((step) =>\n      stepTest.call(this, state, step, rowData)\n    )\n  )\n  .then(() => state.onFinishScenario(scenario));",
              "err": {
                "message": "AssertionError: Timed out retrying after 20000ms: Expected to find element: `a[href='/order/selection/products']`, but never found it.",
                "estack": "AssertionError: Timed out retrying after 20000ms: Expected to find element: `a[href='/order/selection/products']`, but never found it.\n    at HomePage.clickElement (cypress/support/pages_object/base_page.spec.js:16:13)\n    at HomePage.accessPackagePage (cypress/support/pages_object/skyde/home_page.spec.js:8:13)\n    at Context.eval (cypress/support/step_definitions/kplus/home_page_steps.spec.js:6:13)\n    at Context.resolveAndRunStepDefinition (node_modules/cypress-cucumber-preprocessor/lib/resolveStepDefinition.js:193:0)\n    at Context.eval (node_modules/cypress-cucumber-preprocessor/lib/createTestFromScenario.js:26:0)",
                "diff": null
              },
              "uuid": "7e633ba0-12fc-46f5-8d8a-b5fc0762b9a7",
              "parentUUID": "87cce745-bcbd-4268-9b86-794d8d6c2f49",
              "isHook": false,
              "skipped": false
            }
          ],
          "suites": [],
          "passes": [],
          "failures": [
            "7e633ba0-12fc-46f5-8d8a-b5fc0762b9a7"
          ],
          "pending": [],
          "skipped": [],
          "duration": 28014,
          "root": false,
          "rootEmpty": false,
          "_timeout": 2000
        }
      ],
      "passes": [],
      "failures": [],
      "pending": [],
      "skipped": [],
      "duration": 0,
      "root": true,
      "rootEmpty": true,
      "_timeout": 2000
    }
  ],
  "meta": {
    "mocha": {
      "version": "7.0.1"
    },
    "mochawesome": {
      "options": {
        "quiet": false,
        "reportFilename": "mochawesome",
        "saveHtml": false,
        "saveJson": true,
        "consoleReporter": "spec",
        "useInlineDiffs": false,
        "code": true
      },
      "version": "6.3.1"
    },
    "marge": {
      "options": {
        "id": "default",
        "reportDir": "cypress/reports/mocha",
        "quite": true,
        "overwrite": false,
        "html": false,
        "json": true
      },
      "version": "5.2.0"
    }
  }
}