{
  "stats": {
    "suites": 4,
    "tests": 4,
    "passes": 2,
    "pending": 0,
    "failures": 2,
    "start": "2021-08-02T11:21:48.717Z",
    "end": "2021-08-02T11:25:56.808Z",
    "duration": 135586,
    "testsRegistered": 4,
    "passPercent": 50,
    "pendingPercent": 0,
    "other": 0,
    "hasOther": false,
    "skipped": 0,
    "hasSkipped": false
  },
  "results": [
    {
      "uuid": "0952e993-1685-4753-a505-1c0ca9892fbc",
      "title": "",
      "fullFile": "cypress/integration/feature/skyde/product_selection/ProductSelectionAdditionalPackage.feature",
      "file": "cypress/integration/feature/skyde/product_selection/ProductSelectionAdditionalPackage.feature",
      "beforeHooks": [],
      "afterHooks": [],
      "tests": [],
      "suites": [
        {
          "uuid": "1ad8fd08-b113-457e-b70c-e8f48b5c0f65",
          "title": "Product Selection",
          "fullFile": "",
          "file": "",
          "beforeHooks": [],
          "afterHooks": [],
          "tests": [
            {
              "title": "Product selection additional package",
              "fullTitle": "Product Selection Product selection additional package",
              "timedOut": null,
              "duration": 35847,
              "state": "failed",
              "speed": null,
              "pass": false,
              "fail": true,
              "pending": false,
              "context": null,
              "code": "const state = window.testState;\nreturn cy\n  .then(() => state.onStartScenario(scenario, indexedSteps))\n  .then(() =>\n    resolveAndRunBeforeHooks.call(this, scenario.tags, state.feature.name)\n  )\n  .then(() =>\n    indexedSteps.forEach((step) =>\n      stepTest.call(this, state, step, rowData)\n    )\n  )\n  .then(() => state.onFinishScenario(scenario));",
              "err": {
                "message": "AssertionError: Timed out retrying after 30000ms: Expected <p.u-hide-visually> not to exist in the DOM, but it was continuously found.",
                "estack": "AssertionError: Timed out retrying after 30000ms: Expected <p.u-hide-visually> not to exist in the DOM, but it was continuously found.\n    at PackagesPage.waitForSpinner (https://sit.nc.skycdp.de/__cypress/tests?p=cypress\\integration\\feature\\skyde\\product_selection\\ProductSelectionAdditionalPackage.feature:427:10)\n    at PackagesPage.clickElement (https://sit.nc.skycdp.de/__cypress/tests?p=cypress\\integration\\feature\\skyde\\product_selection\\ProductSelectionAdditionalPackage.feature:381:12)\n    at PackagesPage.selectSinglePackage (https://sit.nc.skycdp.de/__cypress/tests?p=cypress\\integration\\feature\\skyde\\product_selection\\ProductSelectionAdditionalPackage.feature:1050:16)\n    at Context.eval (https://sit.nc.skycdp.de/__cypress/tests?p=cypress\\integration\\feature\\skyde\\product_selection\\ProductSelectionAdditionalPackage.feature:166:16)\n    at Context.resolveAndRunStepDefinition (https://sit.nc.skycdp.de/__cypress/tests?p=cypress\\integration\\feature\\skyde\\product_selection\\ProductSelectionAdditionalPackage.feature:11990:29)\n    at Context.eval (https://sit.nc.skycdp.de/__cypress/tests?p=cypress\\integration\\feature\\skyde\\product_selection\\ProductSelectionAdditionalPackage.feature:11322:35)",
                "diff": null
              },
              "uuid": "6fea5145-e7fc-4880-b1e2-84e82c07395c",
              "parentUUID": "1ad8fd08-b113-457e-b70c-e8f48b5c0f65",
              "isHook": false,
              "skipped": false
            }
          ],
          "suites": [],
          "passes": [],
          "failures": [
            "6fea5145-e7fc-4880-b1e2-84e82c07395c"
          ],
          "pending": [],
          "skipped": [],
          "duration": 35847,
          "root": false,
          "rootEmpty": false,
          "_timeout": 2000
        }
      ],
      "passes": [],
      "failures": [],
      "pending": [],
      "skipped": [],
      "duration": 0,
      "root": true,
      "rootEmpty": true,
      "_timeout": 2000
    },
    {
      "uuid": "2ab068b3-a913-4c43-b29a-5e718bdcfbdf",
      "title": "",
      "fullFile": "cypress/integration/feature/skyde/registration/RegistrationWithMarketingNews.feature",
      "file": "cypress/integration/feature/skyde/registration/RegistrationWithMarketingNews.feature",
      "beforeHooks": [],
      "afterHooks": [],
      "tests": [],
      "suites": [
        {
          "uuid": "63a4a030-7fbd-4b01-bab9-a8389c1bd6cc",
          "title": "Register new sky account",
          "fullFile": "",
          "file": "",
          "beforeHooks": [],
          "afterHooks": [],
          "tests": [
            {
              "title": "Register new sky account with marketing news",
              "fullTitle": "Register new sky account Register new sky account with marketing news",
              "timedOut": null,
              "duration": 27452,
              "state": "passed",
              "speed": "slow",
              "pass": true,
              "fail": false,
              "pending": false,
              "context": null,
              "code": "const state = window.testState;\nreturn cy\n  .then(() => state.onStartScenario(scenario, indexedSteps))\n  .then(() =>\n    resolveAndRunBeforeHooks.call(this, scenario.tags, state.feature.name)\n  )\n  .then(() =>\n    indexedSteps.forEach((step) =>\n      stepTest.call(this, state, step, rowData)\n    )\n  )\n  .then(() => state.onFinishScenario(scenario));",
              "err": {},
              "uuid": "0d4244df-2f41-49c2-bd78-e2b92090da6f",
              "parentUUID": "63a4a030-7fbd-4b01-bab9-a8389c1bd6cc",
              "isHook": false,
              "skipped": false
            }
          ],
          "suites": [],
          "passes": [
            "0d4244df-2f41-49c2-bd78-e2b92090da6f"
          ],
          "failures": [],
          "pending": [],
          "skipped": [],
          "duration": 27452,
          "root": false,
          "rootEmpty": false,
          "_timeout": 2000
        }
      ],
      "passes": [],
      "failures": [],
      "pending": [],
      "skipped": [],
      "duration": 0,
      "root": true,
      "rootEmpty": true,
      "_timeout": 2000
    },
    {
      "uuid": "11624b37-a248-4d21-9b85-73be428e502b",
      "title": "",
      "fullFile": "cypress/integration/feature/skyde/registration/RegistrationWithoutMarketingNews.feature",
      "file": "cypress/integration/feature/skyde/registration/RegistrationWithoutMarketingNews.feature",
      "beforeHooks": [],
      "afterHooks": [],
      "tests": [],
      "suites": [
        {
          "uuid": "53a69eec-a3a3-45e4-b919-18c8a3262014",
          "title": "Register new sky account",
          "fullFile": "",
          "file": "",
          "beforeHooks": [],
          "afterHooks": [],
          "tests": [
            {
              "title": "Register new sky account without marketing news",
              "fullTitle": "Register new sky account Register new sky account without marketing news",
              "timedOut": null,
              "duration": 22158,
              "state": "passed",
              "speed": "slow",
              "pass": true,
              "fail": false,
              "pending": false,
              "context": null,
              "code": "const state = window.testState;\nreturn cy\n  .then(() => state.onStartScenario(scenario, indexedSteps))\n  .then(() =>\n    resolveAndRunBeforeHooks.call(this, scenario.tags, state.feature.name)\n  )\n  .then(() =>\n    indexedSteps.forEach((step) =>\n      stepTest.call(this, state, step, rowData)\n    )\n  )\n  .then(() => state.onFinishScenario(scenario));",
              "err": {},
              "uuid": "ec9b5d31-8c1d-4668-b772-625ce64ed48d",
              "parentUUID": "53a69eec-a3a3-45e4-b919-18c8a3262014",
              "isHook": false,
              "skipped": false
            }
          ],
          "suites": [],
          "passes": [
            "ec9b5d31-8c1d-4668-b772-625ce64ed48d"
          ],
          "failures": [],
          "pending": [],
          "skipped": [],
          "duration": 22158,
          "root": false,
          "rootEmpty": false,
          "_timeout": 2000
        }
      ],
      "passes": [],
      "failures": [],
      "pending": [],
      "skipped": [],
      "duration": 0,
      "root": true,
      "rootEmpty": true,
      "_timeout": 2000
    },
    {
      "uuid": "dd9208c2-edd6-4941-a696-2f7319a89439",
      "title": "",
      "fullFile": "cypress/integration/feature/salesforce/login/Login.feature",
      "file": "cypress/integration/feature/salesforce/login/Login.feature",
      "beforeHooks": [],
      "afterHooks": [],
      "tests": [],
      "suites": [
        {
          "uuid": "788a77ae-ce1b-43a5-a063-a30e5f9239a2",
          "title": "Login salesforce account",
          "fullFile": "",
          "file": "",
          "beforeHooks": [],
          "afterHooks": [],
          "tests": [
            {
              "title": "Admin logins salesfoce successfully",
              "fullTitle": "Login salesforce account Admin logins salesfoce successfully",
              "timedOut": null,
              "duration": 50129,
              "state": "failed",
              "speed": null,
              "pass": false,
              "fail": true,
              "pending": false,
              "context": null,
              "code": "const state = window.testState;\nreturn cy\n  .then(() => state.onStartScenario(scenario, indexedSteps))\n  .then(() =>\n    resolveAndRunBeforeHooks.call(this, scenario.tags, state.feature.name)\n  )\n  .then(() =>\n    indexedSteps.forEach((step) =>\n      stepTest.call(this, state, step, rowData)\n    )\n  )\n  .then(() => state.onFinishScenario(scenario));",
              "err": {
                "message": "CypressError: `cy.screenshot()` timed out waiting `30000ms` to complete.\n\nBecause this error occurred during a `after all` hook we are skipping the remaining tests in the current suite: `Login salesforce account`",
                "estack": "CypressError: `cy.screenshot()` timed out waiting `30000ms` to complete.\n\nBecause this error occurred during a `after all` hook we are skipping the remaining tests in the current suite: `Login salesforce account`\n    at https://skyde--sitskysf.my.salesforce.com/__cypress/runner/cypress_runner.js:141847:22\n    at tryCatcher (https://skyde--sitskysf.my.salesforce.com/__cypress/runner/cypress_runner.js:10798:23)\n    at https://skyde--sitskysf.my.salesforce.com/__cypress/runner/cypress_runner.js:5920:41\n    at tryCatcher (https://skyde--sitskysf.my.salesforce.com/__cypress/runner/cypress_runner.js:10798:23)\n    at Promise._settlePromiseFromHandler (https://skyde--sitskysf.my.salesforce.com/__cypress/runner/cypress_runner.js:8733:31)\n    at Promise._settlePromise (https://skyde--sitskysf.my.salesforce.com/__cypress/runner/cypress_runner.js:8790:18)\n    at Promise._settlePromise0 (https://skyde--sitskysf.my.salesforce.com/__cypress/runner/cypress_runner.js:8835:10)\n    at Promise._settlePromises (https://skyde--sitskysf.my.salesforce.com/__cypress/runner/cypress_runner.js:8911:18)\n    at _drainQueueStep (https://skyde--sitskysf.my.salesforce.com/__cypress/runner/cypress_runner.js:5505:12)\n    at _drainQueue (https://skyde--sitskysf.my.salesforce.com/__cypress/runner/cypress_runner.js:5498:9)\n    at Async.../../node_modules/bluebird/js/release/async.js.Async._drainQueues (https://skyde--sitskysf.my.salesforce.com/__cypress/runner/cypress_runner.js:5514:5)\n    at Async.drainQueues (https://skyde--sitskysf.my.salesforce.com/__cypress/runner/cypress_runner.js:5384:14)",
                "diff": null
              },
              "uuid": "508734ca-7984-4dce-9429-367c65e752e9",
              "parentUUID": "788a77ae-ce1b-43a5-a063-a30e5f9239a2",
              "isHook": false,
              "skipped": false
            }
          ],
          "suites": [],
          "passes": [],
          "failures": [
            "508734ca-7984-4dce-9429-367c65e752e9"
          ],
          "pending": [],
          "skipped": [],
          "duration": 50129,
          "root": false,
          "rootEmpty": false,
          "_timeout": 2000
        }
      ],
      "passes": [],
      "failures": [],
      "pending": [],
      "skipped": [],
      "duration": 0,
      "root": true,
      "rootEmpty": true,
      "_timeout": 2000
    }
  ],
  "meta": {
    "mocha": {
      "version": "7.0.1"
    },
    "mochawesome": {
      "options": {
        "quiet": false,
        "reportFilename": "mochawesome",
        "saveHtml": false,
        "saveJson": true,
        "consoleReporter": "spec",
        "useInlineDiffs": false,
        "code": true
      },
      "version": "6.2.2"
    },
    "marge": {
      "options": {
        "id": "default",
        "reportDir": "cypress/reports/mocha",
        "quite": true,
        "overwrite": false,
        "html": false,
        "json": true
      },
      "version": "5.2.0"
    }
  }
}